

============================== 2022-12-11 12:16:10.228200 | b27d6df3-4915-486c-9e62-c3cf99d15273 ==============================
[0m12:16:10.228200 [info ] [MainThread]: Running with dbt=1.4.0-a1
[0m12:16:10.230377 [debug] [MainThread]: running dbt with arguments {'write_json': True, 'use_colors': True, 'printer_width': 80, 'version_check': True, 'partial_parse': True, 'static_parser': True, 'profiles_dir': 'C:\\Users\\great\\.dbt', 'send_anonymous_usage_stats': True, 'quiet': False, 'no_print': False, 'project_name': 'datawarehouse', 'skip_profile_setup': False, 'which': 'init', 'indirect_selection': 'eager'}
[0m12:16:10.232132 [debug] [MainThread]: Tracking: tracking
[0m12:16:10.266184 [debug] [MainThread]: Sending event: {'category': 'dbt', 'action': 'invocation', 'label': 'start', 'context': [<snowplow_tracker.self_describing_json.SelfDescribingJson object at 0x000002C92ABB6E10>, <snowplow_tracker.self_describing_json.SelfDescribingJson object at 0x000002C92AB918D0>, <snowplow_tracker.self_describing_json.SelfDescribingJson object at 0x000002C9251F1E90>]}
[0m12:16:10.271721 [debug] [MainThread]: Flushing usage events


============================== 2022-12-18 18:43:33.860993 | fb20db4b-4262-400c-84b7-d5501790e585 ==============================
[0m18:43:33.860993 [info ] [MainThread]: Running with dbt=1.4.0-b1
[0m18:43:33.862033 [debug] [MainThread]: running dbt with arguments {'write_json': True, 'use_colors': True, 'printer_width': 80, 'version_check': True, 'partial_parse': True, 'static_parser': True, 'profiles_dir': 'C:\\Users\\great\\.dbt', 'send_anonymous_usage_stats': True, 'quiet': False, 'no_print': False, 'project_name': 'bitraining', 'skip_profile_setup': False, 'which': 'init', 'indirect_selection': 'eager'}
[0m18:43:33.863012 [debug] [MainThread]: Tracking: tracking
[0m18:43:33.882218 [debug] [MainThread]: Sending event: {'category': 'dbt', 'action': 'invocation', 'label': 'start', 'context': [<snowplow_tracker.self_describing_json.SelfDescribingJson object at 0x0000019183320F90>, <snowplow_tracker.self_describing_json.SelfDescribingJson object at 0x0000019183186690>, <snowplow_tracker.self_describing_json.SelfDescribingJson object at 0x0000019183175010>]}
[0m18:43:33.885236 [debug] [MainThread]: Starter project path: C:\Users\great\OneDrive\Dokumente\BIProjects\dbt-env\Lib\site-packages\dbt\include\starter_project
[0m18:56:38.046755 [info ] [MainThread]: Profile bitraining written to C:\Users\great\.dbt\profiles.yml using target's profile_template.yml and your supplied values. Run 'dbt debug' to validate the connection.
[0m18:56:38.051673 [info ] [MainThread]: 
Your new dbt project "{self.project_name}" was created!

For more information on how to configure the profiles.yml file,
please consult the dbt documentation here:

  {self.docs_url}

One more thing:

Need help? Don't hesitate to reach out to us via GitHub issues or on Slack:

  {self.slack_url}

Happy modeling!

[0m18:56:38.053198 [debug] [MainThread]: Sending event: {'category': 'dbt', 'action': 'invocation', 'label': 'end', 'context': [<snowplow_tracker.self_describing_json.SelfDescribingJson object at 0x0000019183320F90>, <snowplow_tracker.self_describing_json.SelfDescribingJson object at 0x000001918399E810>, <snowplow_tracker.self_describing_json.SelfDescribingJson object at 0x00000191834F0890>]}
[0m18:56:38.054211 [debug] [MainThread]: Flushing usage events


============================== 2022-12-18 18:58:59.539896 | 337bf874-64a3-4afe-aeea-a9e6ffd835c0 ==============================
[0m18:58:59.539896 [info ] [MainThread]: Running with dbt=1.4.0-b1
[0m18:58:59.550069 [debug] [MainThread]: running dbt with arguments {'write_json': True, 'use_colors': True, 'printer_width': 80, 'version_check': True, 'partial_parse': True, 'static_parser': True, 'profiles_dir': 'C:\\Users\\great\\.dbt', 'send_anonymous_usage_stats': True, 'quiet': False, 'no_print': False, 'config_dir': False, 'which': 'debug', 'indirect_selection': 'eager'}
[0m18:58:59.551482 [debug] [MainThread]: Tracking: tracking
[0m18:58:59.569952 [debug] [MainThread]: Sending event: {'category': 'dbt', 'action': 'invocation', 'label': 'start', 'context': [<snowplow_tracker.self_describing_json.SelfDescribingJson object at 0x000002CB22C74E10>, <snowplow_tracker.self_describing_json.SelfDescribingJson object at 0x000002CB23010210>, <snowplow_tracker.self_describing_json.SelfDescribingJson object at 0x000002CB230129D0>]}
[0m18:58:59.857046 [debug] [MainThread]: Executing "git --help"
[0m18:58:59.911347 [debug] [MainThread]: STDOUT: "b"usage: git [-v | --version] [-h | --help] [-C <path>] [-c <name>=<value>]\n           [--exec-path[=<path>]] [--html-path] [--man-path] [--info-path]\n           [-p | --paginate | -P | --no-pager] [--no-replace-objects] [--bare]\n           [--git-dir=<path>] [--work-tree=<path>] [--namespace=<name>]\n           [--super-prefix=<path>] [--config-env=<name>=<envvar>]\n           <command> [<args>]\n\nThese are common Git commands used in various situations:\n\nstart a working area (see also: git help tutorial)\n   clone     Clone a repository into a new directory\n   init      Create an empty Git repository or reinitialize an existing one\n\nwork on the current change (see also: git help everyday)\n   add       Add file contents to the index\n   mv        Move or rename a file, a directory, or a symlink\n   restore   Restore working tree files\n   rm        Remove files from the working tree and from the index\n\nexamine the history and state (see also: git help revisions)\n   bisect    Use binary search to find the commit that introduced a bug\n   diff      Show changes between commits, commit and working tree, etc\n   grep      Print lines matching a pattern\n   log       Show commit logs\n   show      Show various types of objects\n   status    Show the working tree status\n\ngrow, mark and tweak your common history\n   branch    List, create, or delete branches\n   commit    Record changes to the repository\n   merge     Join two or more development histories together\n   rebase    Reapply commits on top of another base tip\n   reset     Reset current HEAD to the specified state\n   switch    Switch branches\n   tag       Create, list, delete or verify a tag object signed with GPG\n\ncollaborate (see also: git help workflows)\n   fetch     Download objects and refs from another repository\n   pull      Fetch from and integrate with another repository or a local branch\n   push      Update remote refs along with associated objects\n\n'git help -a' and 'git help -g' list available subcommands and some\nconcept guides. See 'git help <command>' or 'git help <concept>'\nto read about a specific subcommand or concept.\nSee 'git help git' for an overview of the system.\n""
[0m18:58:59.911347 [debug] [MainThread]: STDERR: "b''"
[0m18:58:59.917988 [debug] [MainThread]: Acquiring new bigquery connection "debug"
[0m18:58:59.918984 [debug] [MainThread]: Opening a new connection, currently in state init
[0m18:58:59.923197 [debug] [MainThread]: On debug: select 1 as id
[0m18:59:01.496377 [debug] [MainThread]: Sending event: {'category': 'dbt', 'action': 'invocation', 'label': 'end', 'context': [<snowplow_tracker.self_describing_json.SelfDescribingJson object at 0x000002CB22C74E10>, <snowplow_tracker.self_describing_json.SelfDescribingJson object at 0x000002CB2409ED90>, <snowplow_tracker.self_describing_json.SelfDescribingJson object at 0x000002CB2404FE10>]}
[0m18:59:01.497005 [debug] [MainThread]: Flushing usage events
[0m18:59:01.928035 [debug] [MainThread]: Connection 'debug' was properly closed.
